

Microchip MPLAB XC8 Assembler V2.05 build -831301201 
                                                                                               Thu Apr 04 20:34:14 2019

Microchip MPLAB XC8 C Compiler v2.05 (Free license) build 20181220022703 Og1 
     1                           	processor	18F4550
     2                           	fnconf	rparam,??,?,0
     3                           	opt	pw 120
     4                           	opt	flic
     5                           	psect	cinit,global,reloc=2,class=CODE,delta=1
     6                           	psect	bssCOMRAM,global,class=COMRAM,space=1,delta=1,noexec
     7                           	psect	cstackCOMRAM,global,class=COMRAM,space=1,delta=1,noexec
     8                           	psect	text0,global,reloc=2,class=CODE,delta=1
     9                           	psect	text1,global,reloc=2,class=CODE,delta=1
    10                           	psect	intcode,global,reloc=2,class=CODE,delta=1
    11                           	psect	intcode_body,global,reloc=2,class=CODE,delta=1
    12                           	psect	intsave_regs,global,class=BIGRAM,space=1,delta=1,noexec
    13                           	psect	rparam,global,class=COMRAM,space=1,delta=1,noexec
    14                           	psect	temp,global,ovrld,common,class=COMRAM,space=1,delta=1
    15  0000                     
    16                           ; Version 2.05
    17                           ; Generated 20/12/2018 GMT
    18                           ; 
    19                           ; Copyright © 2018, Microchip Technology Inc. and its subsidiaries ("Microchip")
    20                           ; All rights reserved.
    21                           ; 
    22                           ; This software is developed by Microchip Technology Inc. and its subsidiaries ("Microch
      +                          ip").
    23                           ; 
    24                           ; Redistribution and use in source and binary forms, with or without modification, are
    25                           ; permitted provided that the following conditions are met:
    26                           ; 
    27                           ;     1. Redistributions of source code must retain the above copyright notice, this lis
      +                          t of
    28                           ;        conditions and the following disclaimer.
    29                           ; 
    30                           ;     2. Redistributions in binary form must reproduce the above copyright notice, this 
      +                          list
    31                           ;        of conditions and the following disclaimer in the documentation and/or other
    32                           ;        materials provided with the distribution.
    33                           ; 
    34                           ;     3. Microchip's name may not be used to endorse or promote products derived from th
      +                          is
    35                           ;        software without specific prior written permission.
    36                           ; 
    37                           ; THIS SOFTWARE IS PROVIDED BY MICROCHIP "AS IS" AND ANY EXPRESS OR IMPLIED WARRANTIES,
    38                           ; INCLUDING, BUT NOT LIMITED TO, THE IMPLIED WARRANTIES OF MERCHANTABILITY AND FITNESS F
      +                          OR
    39                           ; PURPOSE ARE DISCLAIMED.  IN NO EVENT SHALL MICROCHIP BE LIABLE FOR ANY DIRECT, INDIREC
      +                          T,
    40                           ; INCIDENTAL, SPECIAL, EXEMPLARY, OR CONSEQUENTIAL DAMAGES (INCLUDING BUT NOT LIMITED TO
    41                           ; PROCUREMENT OF SUBSTITUTE GOODS OR SERVICES; LOSS OF USE, DATA OR PROFITS; OR BUSINESS
    42                           ; INTERRUPTION) HOWSOEVER CAUSED AND ON ANY THEORY OF LIABILITY, WHETHER IN CONTRACT, ST
      +                          RICT
    43                           ; LIABILITY, OR TORT (INCLUDING NEGLIGENCE OR OTHERWISE) ARISING IN ANY WAY OUT OF THE U
      +                          SE OF
    44                           ; THIS SOFTWARE, EVEN IF ADVISED OF THE POSSIBILITY OF SUCH DAMAGE.
    45                           ; 
    46                           ; 
    47                           ; Code-generator required, PIC18F4550 Definitions
    48                           ; 
    49                           ; SFR Addresses
    50  0000                     _LATDbits	set	3980
    51  0000                     _PORTDbits	set	3971
    52  0000                     _TMR0H	set	4055
    53  0000                     _TMR0L	set	4054
    54  0000                     _LATD	set	3980
    55  0000                     _TRISD	set	3989
    56  0000                     _T0CONbits	set	4053
    57  0000                     _INTCONbits	set	4082
    58                           
    59                           ; #config settings
    60  0000                     
    61                           	psect	cinit
    62  00008A                     __pcinit:
    63                           	opt callstack 0
    64  00008A                     start_initialization:
    65                           	opt callstack 0
    66  00008A                     __initialization:
    67                           	opt callstack 0
    68                           
    69                           ; Clear objects allocated to COMRAM (2 bytes)
    70  00008A  6A02               	clrf	(__pbssCOMRAM+1)& (0+255),c
    71  00008C  6A01               	clrf	__pbssCOMRAM& (0+255),c
    72  00008E                     end_of_initialization:
    73                           	opt callstack 0
    74  00008E                     __end_of__initialization:
    75                           	opt callstack 0
    76  00008E  9004               	bcf	int$flags,0,c	;clear compiler interrupt flag (level 1)
    77  000090  9204               	bcf	int$flags,1,c	;clear compiler interrupt flag (level 2)
    78  000092  0100               	movlb	0
    79  000094  EF3A  F000         	goto	_main	;jump to C main() function
    80                           
    81                           	psect	bssCOMRAM
    82  000001                     __pbssCOMRAM:
    83                           	opt callstack 0
    84  000001                     _a:
    85                           	opt callstack 0
    86  000001                     	ds	2
    87                           
    88                           	psect	cstackCOMRAM
    89  000003                     __pcstackCOMRAM:
    90                           	opt callstack 0
    91  000003                     ??_Timer_int:
    92                           
    93                           ; 1 bytes @ 0x0
    94  000003                     	ds	1
    95  000004                     
    96                           ; 1 bytes @ 0x1
    97 ;;
    98 ;;Main: autosize = 0, tempsize = 0, incstack = 0, save=0
    99 ;;
   100 ;; *************** function _main *****************
   101 ;; Defined at:
   102 ;;		line 43 in file "Programacion_principal.c"
   103 ;; Parameters:    Size  Location     Type
   104 ;;		None
   105 ;; Auto vars:     Size  Location     Type
   106 ;;		None
   107 ;; Return value:  Size  Location     Type
   108 ;;                  1    wreg      void 
   109 ;; Registers used:
   110 ;;		wreg, status,2, cstack
   111 ;; Tracked objects:
   112 ;;		On entry : 0/0
   113 ;;		On exit  : 0/0
   114 ;;		Unchanged: 0/0
   115 ;; Data sizes:     COMRAM   BANK0   BANK1   BANK2   BANK3   BANK4   BANK5   BANK6   BANK7
   116 ;;      Params:         0       0       0       0       0       0       0       0       0
   117 ;;      Locals:         0       0       0       0       0       0       0       0       0
   118 ;;      Temps:          0       0       0       0       0       0       0       0       0
   119 ;;      Totals:         0       0       0       0       0       0       0       0       0
   120 ;;Total ram usage:        0 bytes
   121 ;; Hardware stack levels required when called:    2
   122 ;; This function calls:
   123 ;;		_Timer0_Init
   124 ;; This function is called by:
   125 ;;		Startup code after reset
   126 ;; This function uses a non-reentrant model
   127 ;;
   128                           
   129                           	psect	text0
   130  000074                     __ptext0:
   131                           	opt callstack 0
   132  000074                     _main:
   133                           	opt callstack 29
   134                           
   135                           ;Programacion_principal.c: 44:     TRISD = 0xf0;
   136                           
   137                           ;incstack = 0
   138  000074  0EF0               	movlw	240
   139  000076  6E95               	movwf	3989,c	;volatile
   140                           
   141                           ;Programacion_principal.c: 45:     LATD = 0;
   142  000078  0E00               	movlw	0
   143  00007A  6E8C               	movwf	3980,c	;volatile
   144                           
   145                           ;Programacion_principal.c: 46:     Timer0_Init();
   146  00007C  EC2C  F000         	call	_Timer0_Init	;wreg free
   147                           
   148                           ;Programacion_principal.c: 47:     TMR0L = 0x0E;
   149  000080  0E0E               	movlw	14
   150  000082  6ED6               	movwf	4054,c	;volatile
   151                           
   152                           ;Programacion_principal.c: 48:     TMR0H = 0xD4;
   153  000084  0ED4               	movlw	212
   154  000086  6ED7               	movwf	4055,c	;volatile
   155  000088                     l28:
   156                           
   157                           ;Programacion_principal.c: 51:     }
   158  000088  D7FF               	goto	l28
   159  00008A                     __end_of_main:
   160                           	opt callstack 0
   161                           
   162 ;; *************** function _Timer0_Init *****************
   163 ;; Defined at:
   164 ;;		line 30 in file "Programacion_principal.c"
   165 ;; Parameters:    Size  Location     Type
   166 ;;		None
   167 ;; Auto vars:     Size  Location     Type
   168 ;;		None
   169 ;; Return value:  Size  Location     Type
   170 ;;                  1    wreg      void 
   171 ;; Registers used:
   172 ;;		wreg, status,2
   173 ;; Tracked objects:
   174 ;;		On entry : 0/0
   175 ;;		On exit  : 0/0
   176 ;;		Unchanged: 0/0
   177 ;; Data sizes:     COMRAM   BANK0   BANK1   BANK2   BANK3   BANK4   BANK5   BANK6   BANK7
   178 ;;      Params:         0       0       0       0       0       0       0       0       0
   179 ;;      Locals:         0       0       0       0       0       0       0       0       0
   180 ;;      Temps:          0       0       0       0       0       0       0       0       0
   181 ;;      Totals:         0       0       0       0       0       0       0       0       0
   182 ;;Total ram usage:        0 bytes
   183 ;; Hardware stack levels used:    1
   184 ;; Hardware stack levels required when called:    1
   185 ;; This function calls:
   186 ;;		Nothing
   187 ;; This function is called by:
   188 ;;		_main
   189 ;; This function uses a non-reentrant model
   190 ;;
   191                           
   192                           	psect	text1
   193  000058                     __ptext1:
   194                           	opt callstack 0
   195  000058                     _Timer0_Init:
   196                           	opt callstack 29
   197                           
   198                           ;Programacion_principal.c: 31:     INTCONbits.GIE = 0;
   199                           
   200                           ;incstack = 0
   201  000058  9EF2               	bcf	4082,7,c	;volatile
   202                           
   203                           ;Programacion_principal.c: 32:     T0CONbits.T0CS = 0;
   204  00005A  9AD5               	bcf	4053,5,c	;volatile
   205                           
   206                           ;Programacion_principal.c: 33:     T0CONbits.PSA = 0;
   207  00005C  96D5               	bcf	4053,3,c	;volatile
   208                           
   209                           ;Programacion_principal.c: 34:     T0CONbits.T0PS = 0b010;
   210  00005E  50D5               	movf	4053,w,c	;volatile
   211  000060  0BF8               	andlw	-8
   212  000062  0902               	iorlw	2
   213  000064  6ED5               	movwf	4053,c	;volatile
   214                           
   215                           ;Programacion_principal.c: 35:     T0CONbits.T08BIT = 0;
   216  000066  9CD5               	bcf	4053,6,c	;volatile
   217                           
   218                           ;Programacion_principal.c: 36:     T0CONbits.TMR0ON = 1;
   219  000068  8ED5               	bsf	4053,7,c	;volatile
   220                           
   221                           ;Programacion_principal.c: 37:     INTCONbits.TMR0IF = 0;
   222  00006A  94F2               	bcf	4082,2,c	;volatile
   223                           
   224                           ;Programacion_principal.c: 38:     INTCONbits.TMR0IE = 1;
   225  00006C  8AF2               	bsf	4082,5,c	;volatile
   226                           
   227                           ;Programacion_principal.c: 39:     INTCONbits.PEIE = 1;
   228  00006E  8CF2               	bsf	4082,6,c	;volatile
   229                           
   230                           ;Programacion_principal.c: 40:     INTCONbits.GIE = 1;
   231  000070  8EF2               	bsf	4082,7,c	;volatile
   232  000072  0012               	return		;funcret
   233  000074                     __end_of_Timer0_Init:
   234                           	opt callstack 0
   235                           
   236 ;; *************** function _Timer_int *****************
   237 ;; Defined at:
   238 ;;		line 54 in file "Programacion_principal.c"
   239 ;; Parameters:    Size  Location     Type
   240 ;;		None
   241 ;; Auto vars:     Size  Location     Type
   242 ;;		None
   243 ;; Return value:  Size  Location     Type
   244 ;;                  1    wreg      void 
   245 ;; Registers used:
   246 ;;		wreg, status,2
   247 ;; Tracked objects:
   248 ;;		On entry : 0/0
   249 ;;		On exit  : 0/0
   250 ;;		Unchanged: 0/0
   251 ;; Data sizes:     COMRAM   BANK0   BANK1   BANK2   BANK3   BANK4   BANK5   BANK6   BANK7
   252 ;;      Params:         0       0       0       0       0       0       0       0       0
   253 ;;      Locals:         0       0       0       0       0       0       0       0       0
   254 ;;      Temps:          1       0       0       0       0       0       0       0       0
   255 ;;      Totals:         1       0       0       0       0       0       0       0       0
   256 ;;Total ram usage:        1 bytes
   257 ;; Hardware stack levels used:    1
   258 ;; This function calls:
   259 ;;		Nothing
   260 ;; This function is called by:
   261 ;;		Interrupt level 2
   262 ;; This function uses a non-reentrant model
   263 ;;
   264                           
   265                           	psect	intcode
   266  000008                     __pintcode:
   267                           	opt callstack 0
   268  000008                     _Timer_int:
   269                           	opt callstack 29
   270                           
   271                           ;incstack = 0
   272  000008  8204               	bsf	btemp,1,c	;set compiler interrupt flag (level 2)
   273  00000A  ED09  F000         	call	int_func,f	;refresh shadow registers
   274                           
   275                           	psect	intcode_body
   276  000012                     __pintcode_body:
   277                           	opt callstack 29
   278  000012                     int_func:
   279                           	opt callstack 29
   280  000012  0006               	pop		; remove dummy address from shadow register refresh
   281                           
   282                           ;Programacion_principal.c: 55:     if(INTCONbits.TMR0IF){
   283  000014  A4F2               	btfss	4082,2,c	;volatile
   284  000016  D01E               	goto	i2l39
   285                           
   286                           ;Programacion_principal.c: 56:         if(PORTDbits.RD4){
   287  000018  A883               	btfss	3971,4,c	;volatile
   288  00001A  D00D               	goto	i2l37
   289                           
   290                           ;Programacion_principal.c: 57:             LATDbits.LATD1 = 1;
   291  00001C  828C               	bsf	3980,1,c	;volatile
   292                           
   293                           ;Programacion_principal.c: 58:             _delay((unsigned long)((2)*(20000000L/4000.0)
      +                          ));
   294  00001E  0E0D               	movlw	13
   295  000020  6E03               	movwf	??_Timer_int& (0+255),c
   296  000022  0EFC               	movlw	252
   297  000024                     i2u3_47:
   298  000024  2EE8               	decfsz	wreg,f,c
   299  000026  D7FE               	bra	i2u3_47
   300  000028  2E03               	decfsz	??_Timer_int& (0+255),f,c
   301  00002A  D7FC               	bra	i2u3_47
   302                           
   303                           ;Programacion_principal.c: 59:             LATDbits.LATD1 = 0;
   304  00002C  928C               	bcf	3980,1,c	;volatile
   305                           
   306                           ;Programacion_principal.c: 60:             TMR0L = 0x0E;
   307  00002E  0E0E               	movlw	14
   308  000030  6ED6               	movwf	4054,c	;volatile
   309                           
   310                           ;Programacion_principal.c: 61:             TMR0H = 0xD4;
   311  000032  0ED4               	movlw	212
   312  000034  D00D               	goto	L1
   313  000036                     i2l37:
   314                           
   315                           ;Programacion_principal.c: 66:             LATDbits.LATD1 = 1;
   316  000036  828C               	bsf	3980,1,c	;volatile
   317                           
   318                           ;Programacion_principal.c: 67:             _delay((unsigned long)((1)*(20000000L/4000.0)
      +                          ));
   319  000038  0E07               	movlw	7
   320  00003A  6E03               	movwf	??_Timer_int& (0+255),c
   321  00003C  0E7D               	movlw	125
   322  00003E                     i2u4_47:
   323  00003E  2EE8               	decfsz	wreg,f,c
   324  000040  D7FE               	bra	i2u4_47
   325  000042  2E03               	decfsz	??_Timer_int& (0+255),f,c
   326  000044  D7FC               	bra	i2u4_47
   327  000046  F000               	nop	
   328                           
   329                           ;Programacion_principal.c: 68:             LATDbits.LATD1 = 0;
   330  000048  928C               	bcf	3980,1,c	;volatile
   331                           
   332                           ;Programacion_principal.c: 69:             TMR0L = 0x9D;
   333  00004A  0E9D               	movlw	157
   334  00004C  6ED6               	movwf	4054,c	;volatile
   335                           
   336                           ;Programacion_principal.c: 70:             TMR0H = 0xD1;
   337  00004E  0ED1               	movlw	209
   338  000050                     L1:
   339  000050  6ED7               	movwf	4055,c	;volatile
   340                           
   341                           ;Programacion_principal.c: 73:             INTCONbits.TMR0IF = 0;
   342  000052  94F2               	bcf	4082,2,c	;volatile
   343  000054                     i2l39:
   344  000054  9204               	bcf	btemp,1,c	;clear compiler interrupt flag (level 2)
   345  000056  0011               	retfie		f
   346  000058                     __end_of_Timer_int:
   347                           	opt callstack 0
   348  0000                     
   349                           	psect	rparam
   350  0000                     
   351                           	psect	temp
   352  000004                     btemp:
   353                           	opt callstack 0
   354  000004                     	ds	1
   355  0000                     int$flags	set	btemp
   356  0000                     wtemp8	set	btemp+1
   357  0000                     ttemp5	set	btemp+1
   358  0000                     ttemp6	set	btemp+4
   359  0000                     ttemp7	set	btemp+8
   360                           tosu	equ	0xFFF
   361                           tosh	equ	0xFFE
   362                           tosl	equ	0xFFD
   363                           stkptr	equ	0xFFC
   364                           pclatu	equ	0xFFB
   365                           pclath	equ	0xFFA
   366                           pcl	equ	0xFF9
   367                           tblptru	equ	0xFF8
   368                           tblptrh	equ	0xFF7
   369                           tblptrl	equ	0xFF6
   370                           tablat	equ	0xFF5
   371                           prodh	equ	0xFF4
   372                           prodl	equ	0xFF3
   373                           indf0	equ	0xFEF
   374                           postinc0	equ	0xFEE
   375                           postdec0	equ	0xFED
   376                           preinc0	equ	0xFEC
   377                           plusw0	equ	0xFEB
   378                           fsr0h	equ	0xFEA
   379                           fsr0l	equ	0xFE9
   380                           wreg	equ	0xFE8
   381                           indf1	equ	0xFE7
   382                           postinc1	equ	0xFE6
   383                           postdec1	equ	0xFE5
   384                           preinc1	equ	0xFE4
   385                           plusw1	equ	0xFE3
   386                           fsr1h	equ	0xFE2
   387                           fsr1l	equ	0xFE1
   388                           bsr	equ	0xFE0
   389                           indf2	equ	0xFDF
   390                           postinc2	equ	0xFDE
   391                           postdec2	equ	0xFDD
   392                           preinc2	equ	0xFDC
   393                           plusw2	equ	0xFDB
   394                           fsr2h	equ	0xFDA
   395                           fsr2l	equ	0xFD9
   396                           status	equ	0xFD8


Data Sizes:
    Strings     0
    Constant    0
    Data        0
    BSS         2
    Persistent  0
    Stack       0

Auto Spaces:
    Space          Size  Autos    Used
    COMRAM           94      1       3
    BANK0           160      0       0
    BANK1           256      0       0
    BANK2           256      0       0
    BANK3           256      0       0
    BANK4           256      0       0
    BANK5           256      0       0
    BANK6           256      0       0
    BANK7           256      0       0

Pointer List with Targets:

    None.

Critical Paths under _main in COMRAM

    None.

Critical Paths under _Timer_int in COMRAM

    None.

Critical Paths under _main in BANK0

    None.

Critical Paths under _Timer_int in BANK0

    None.

Critical Paths under _main in BANK1

    None.

Critical Paths under _Timer_int in BANK1

    None.

Critical Paths under _main in BANK2

    None.

Critical Paths under _Timer_int in BANK2

    None.

Critical Paths under _main in BANK3

    None.

Critical Paths under _Timer_int in BANK3

    None.

Critical Paths under _main in BANK4

    None.

Critical Paths under _Timer_int in BANK4

    None.

Critical Paths under _main in BANK5

    None.

Critical Paths under _Timer_int in BANK5

    None.

Critical Paths under _main in BANK6

    None.

Critical Paths under _Timer_int in BANK6

    None.

Critical Paths under _main in BANK7

    None.

Critical Paths under _Timer_int in BANK7

    None.

Call Graph Tables:

 ---------------------------------------------------------------------------------
 (Depth) Function   	        Calls       Base Space   Used Autos Params    Refs
 ---------------------------------------------------------------------------------
 (0) _main                                                 0     0      0       0
                        _Timer0_Init
 ---------------------------------------------------------------------------------
 (1) _Timer0_Init                                          0     0      0       0
 ---------------------------------------------------------------------------------
 Estimated maximum stack depth 1
 ---------------------------------------------------------------------------------
 (Depth) Function   	        Calls       Base Space   Used Autos Params    Refs
 ---------------------------------------------------------------------------------
 (2) _Timer_int                                            1     1      0       0
                                              0 COMRAM     1     1      0
 ---------------------------------------------------------------------------------
 Estimated maximum stack depth 2
 ---------------------------------------------------------------------------------

 Call Graph Graphs:

 _main (ROOT)
   _Timer0_Init

 _Timer_int (ROOT)

 Address spaces:
Name               Size   Autos  Total    Cost      Usage
BIGRAM             7FF      0       0      21        0.0%
EEDATA             100      0       0       0        0.0%
BITBANK7           100      0       0      18        0.0%
BANK7              100      0       0      19        0.0%
BITBANK6           100      0       0      16        0.0%
BANK6              100      0       0      17        0.0%
BITBANK5           100      0       0      14        0.0%
BANK5              100      0       0      15        0.0%
BITBANK4           100      0       0      12        0.0%
BANK4              100      0       0      13        0.0%
BITBANK3           100      0       0      10        0.0%
BANK3              100      0       0      11        0.0%
BITBANK2           100      0       0       8        0.0%
BANK2              100      0       0       9        0.0%
BITBANK1           100      0       0       6        0.0%
BANK1              100      0       0       7        0.0%
BITBANK0            A0      0       0       4        0.0%
BANK0               A0      0       0       5        0.0%
BITCOMRAM           5E      0       0       0        0.0%
COMRAM              5E      1       3       1        3.2%
BITSFR               0      0       0     200        0.0%
SFR                  0      0       0     200        0.0%
STACK                0      0       0       2        0.0%
NULL                 0      0       0       0        0.0%
ABS                  0      0       3      20        0.0%
DATA                 0      0       3       3        0.0%
CODE                 0      0       0       0        0.0%


Microchip Technology PIC18 Macro Assembler V2.05 build -831301201 
Symbol Table                                                                                   Thu Apr 04 20:34:14 2019

                      _a 0001                       l28 0088              __CFG_BOR$ON 000000  
            __CFG_BORV$3 000000             __CFG_CP0$OFF 000000             __CFG_CP1$OFF 000000  
           __CFG_CP2$OFF 000000             __CFG_CP3$OFF 000000              __CFG_LVP$ON 000000  
           __CFG_CPB$OFF 000000             __CFG_CPD$OFF 000000                      wreg 000FE8  
           __CFG_FOSC$HS 000000             __CFG_WDT$OFF 000000                     _LATD 000F8C  
                   i2l37 0036                     i2l39 0054                     _main 0074  
                   btemp 0004                     start 000E            __CFG_IESO$OFF 000000  
          __CFG_MCLRE$ON 000000             ___param_bank 000000            __CFG_PLLDIV$1 000000  
         __CFG_CCP2MX$ON 000000                    ?_main 0003                    _TMR0H 000FD7  
                  _TMR0L 000FD6            __CFG_USBDIV$1 000000                    _TRISD 000F95  
          __CFG_PWRT$OFF 000000            __CFG_WRT0$OFF 000000            __CFG_WRT1$OFF 000000  
          __CFG_WRT2$OFF 000000            __CFG_WRT3$OFF 000000           __CFG_EBTR0$OFF 000000  
         __CFG_FCMEN$OFF 000000           __CFG_EBTR1$OFF 000000           __CFG_EBTR2$OFF 000000  
         __CFG_EBTR3$OFF 000000            __CFG_WRTB$OFF 000000            __CFG_WRTC$OFF 000000  
          __CFG_WRTD$OFF 000000           __CFG_EBTRB$OFF 000000                    ttemp5 0005  
                  ttemp6 0008                    ttemp7 000C                    wtemp8 0005  
         __CFG_ICPRT$OFF 000000           __CFG_PBADEN$ON 000000          __initialization 008A  
           __end_of_main 008A                   ??_main 0004            __activetblptr 000000  
                 i2u3_47 0024                   i2u4_47 003E            ??_Timer0_Init 0004  
         __CFG_XINST$OFF 000000           __CFG_STVREN$ON 000000       __size_of_Timer_int 0050  
             __accesstop 0060  __end_of__initialization 008E            ___rparam_used 000001  
         __pcstackCOMRAM 0003      __end_of_Timer0_Init 0074        __end_of_Timer_int 0058  
        __CFG_VREGEN$OFF 000000                  __Hparam 0000              _Timer0_Init 0058  
                __Lparam 0000                  __pcinit 008A                  __ramtop 0800  
                __ptext0 0074                  __ptext1 0058                _T0CONbits 000FD5  
         __pintcode_body 0012     end_of_initialization 008E                  int_func 0012  
              _PORTDbits 000F83      start_initialization 008A                _Timer_int 0008  
       __CFG_LPT1OSC$OFF 000000              __pbssCOMRAM 0001             ?_Timer0_Init 0003  
              __pintcode 0008               ?_Timer_int 0003                 _LATDbits 000F8C  
       __CFG_WDTPS$32768 000000                 __Hrparam 0000                 __Lrparam 0000  
            ??_Timer_int 0003            __size_of_main 0016     __size_of_Timer0_Init 001C  
               int$flags 0004    __CFG_CPUDIV$OSC1_PLL2 000000               _INTCONbits 000FF2  
               intlevel2 0000  
