

Microchip MPLAB XC8 Assembler V2.05 build -831301201 
                                                                                               Mon Jul 29 22:41:14 2019

Microchip MPLAB XC8 C Compiler v2.05 (Free license) build 20181220022703 Og1 
     1                           	processor	18F4550
     2                           	fnconf	rparam,??,?,0
     3                           	opt	pw 120
     4                           	opt	flic
     5                           	psect	cinit,global,reloc=2,class=CODE,delta=1
     6                           	psect	cstackCOMRAM,global,class=COMRAM,space=1,delta=1,noexec
     7                           	psect	text0,global,reloc=2,class=CODE,delta=1
     8                           	psect	intsave_regs,global,class=BIGRAM,space=1,delta=1,noexec
     9                           	psect	rparam,global,class=COMRAM,space=1,delta=1,noexec
    10  0000                     
    11                           ; Version 2.05
    12                           ; Generated 20/12/2018 GMT
    13                           ; 
    14                           ; Copyright © 2018, Microchip Technology Inc. and its subsidiaries ("Microchip")
    15                           ; All rights reserved.
    16                           ; 
    17                           ; This software is developed by Microchip Technology Inc. and its subsidiaries ("Microch
      +                          ip").
    18                           ; 
    19                           ; Redistribution and use in source and binary forms, with or without modification, are
    20                           ; permitted provided that the following conditions are met:
    21                           ; 
    22                           ;     1. Redistributions of source code must retain the above copyright notice, this lis
      +                          t of
    23                           ;        conditions and the following disclaimer.
    24                           ; 
    25                           ;     2. Redistributions in binary form must reproduce the above copyright notice, this 
      +                          list
    26                           ;        of conditions and the following disclaimer in the documentation and/or other
    27                           ;        materials provided with the distribution.
    28                           ; 
    29                           ;     3. Microchip's name may not be used to endorse or promote products derived from th
      +                          is
    30                           ;        software without specific prior written permission.
    31                           ; 
    32                           ; THIS SOFTWARE IS PROVIDED BY MICROCHIP "AS IS" AND ANY EXPRESS OR IMPLIED WARRANTIES,
    33                           ; INCLUDING, BUT NOT LIMITED TO, THE IMPLIED WARRANTIES OF MERCHANTABILITY AND FITNESS F
      +                          OR
    34                           ; PURPOSE ARE DISCLAIMED.  IN NO EVENT SHALL MICROCHIP BE LIABLE FOR ANY DIRECT, INDIREC
      +                          T,
    35                           ; INCIDENTAL, SPECIAL, EXEMPLARY, OR CONSEQUENTIAL DAMAGES (INCLUDING BUT NOT LIMITED TO
    36                           ; PROCUREMENT OF SUBSTITUTE GOODS OR SERVICES; LOSS OF USE, DATA OR PROFITS; OR BUSINESS
    37                           ; INTERRUPTION) HOWSOEVER CAUSED AND ON ANY THEORY OF LIABILITY, WHETHER IN CONTRACT, ST
      +                          RICT
    38                           ; LIABILITY, OR TORT (INCLUDING NEGLIGENCE OR OTHERWISE) ARISING IN ANY WAY OUT OF THE U
      +                          SE OF
    39                           ; THIS SOFTWARE, EVEN IF ADVISED OF THE POSSIBILITY OF SUCH DAMAGE.
    40                           ; 
    41                           ; 
    42                           ; Code-generator required, PIC18F4550 Definitions
    43                           ; 
    44                           ; SFR Addresses
    45  0000                     _PORTCbits	set	3970
    46  0000                     _LATDbits	set	3980
    47  0000                     _LATD	set	3980
    48  0000                     _TRISCbits	set	3988
    49  0000                     _TRISDbits	set	3989
    50  0000                     _TRISAbits	set	3986
    51  0000                     _ADCON1bits	set	4033
    52                           
    53                           ; #config settings
    54  0000                     
    55                           	psect	cinit
    56  007FDA                     __pcinit:
    57                           	opt callstack 0
    58  007FDA                     start_initialization:
    59                           	opt callstack 0
    60  007FDA                     __initialization:
    61                           	opt callstack 0
    62  007FDA                     end_of_initialization:
    63                           	opt callstack 0
    64  007FDA                     __end_of__initialization:
    65                           	opt callstack 0
    66  007FDA  0100               	movlb	0
    67  007FDC  EFF0  F03F         	goto	_main	;jump to C main() function
    68                           
    69                           	psect	cstackCOMRAM
    70  000000                     __pcstackCOMRAM:
    71                           	opt callstack 0
    72  000000                     
    73                           ; 1 bytes @ 0x0
    74 ;;
    75 ;;Main: autosize = 0, tempsize = 0, incstack = 0, save=0
    76 ;;
    77 ;; *************** function _main *****************
    78 ;; Defined at:
    79 ;;		line 12 in file "5Min_Progra.c"
    80 ;; Parameters:    Size  Location     Type
    81 ;;		None
    82 ;; Auto vars:     Size  Location     Type
    83 ;;		None
    84 ;; Return value:  Size  Location     Type
    85 ;;                  1    wreg      void 
    86 ;; Registers used:
    87 ;;		wreg, status,2
    88 ;; Tracked objects:
    89 ;;		On entry : 0/0
    90 ;;		On exit  : 0/0
    91 ;;		Unchanged: 0/0
    92 ;; Data sizes:     COMRAM   BANK0   BANK1   BANK2   BANK3   BANK4   BANK5   BANK6   BANK7
    93 ;;      Params:         0       0       0       0       0       0       0       0       0
    94 ;;      Locals:         0       0       0       0       0       0       0       0       0
    95 ;;      Temps:          0       0       0       0       0       0       0       0       0
    96 ;;      Totals:         0       0       0       0       0       0       0       0       0
    97 ;;Total ram usage:        0 bytes
    98 ;; This function calls:
    99 ;;		Nothing
   100 ;; This function is called by:
   101 ;;		Startup code after reset
   102 ;; This function uses a non-reentrant model
   103 ;;
   104                           
   105                           	psect	text0
   106  007FE0                     __ptext0:
   107                           	opt callstack 0
   108  007FE0                     _main:
   109                           	opt callstack 31
   110                           
   111                           ;incstack = 0
   112  007FE0  0E0F               	movlw	15
   113  007FE2  12C1               	iorwf	4033,f,c	;volatile
   114  007FE4  9092               	bcf	3986,0,c	;volatile
   115  007FE6  9095               	bcf	3989,0,c	;volatile
   116  007FE8  9295               	bcf	3989,1,c	;volatile
   117  007FEA  9E95               	bcf	3989,7,c	;volatile
   118  007FEC  8094               	bsf	3988,0,c	;volatile
   119  007FEE  0E00               	movlw	0
   120  007FF0  6E8C               	movwf	3980,c	;volatile
   121  007FF2                     l711:
   122  007FF2  808C               	bsf	3980,0,c	;volatile
   123  007FF4  A082               	btfss	3970,0,c	;volatile
   124  007FF6  D7FD               	goto	l711
   125  007FF8  828C               	bsf	3980,1,c	;volatile
   126  007FFA  8E8C               	bsf	3980,7,c	;volatile
   127  007FFC  9E8C               	bcf	3980,7,c	;volatile
   128  007FFE  D7F9               	goto	l711
   129  008000                     __end_of_main:
   130                           	opt callstack 0
   131  0000                     
   132                           	psect	rparam
   133  0000                     tosu	equ	0xFFF
   134                           tosh	equ	0xFFE
   135                           tosl	equ	0xFFD
   136                           stkptr	equ	0xFFC
   137                           pclatu	equ	0xFFB
   138                           pclath	equ	0xFFA
   139                           pcl	equ	0xFF9
   140                           tblptru	equ	0xFF8
   141                           tblptrh	equ	0xFF7
   142                           tblptrl	equ	0xFF6
   143                           tablat	equ	0xFF5
   144                           prodh	equ	0xFF4
   145                           prodl	equ	0xFF3
   146                           indf0	equ	0xFEF
   147                           postinc0	equ	0xFEE
   148                           postdec0	equ	0xFED
   149                           preinc0	equ	0xFEC
   150                           plusw0	equ	0xFEB
   151                           fsr0h	equ	0xFEA
   152                           fsr0l	equ	0xFE9
   153                           wreg	equ	0xFE8
   154                           indf1	equ	0xFE7
   155                           postinc1	equ	0xFE6
   156                           postdec1	equ	0xFE5
   157                           preinc1	equ	0xFE4
   158                           plusw1	equ	0xFE3
   159                           fsr1h	equ	0xFE2
   160                           fsr1l	equ	0xFE1
   161                           bsr	equ	0xFE0
   162                           indf2	equ	0xFDF
   163                           postinc2	equ	0xFDE
   164                           postdec2	equ	0xFDD
   165                           preinc2	equ	0xFDC
   166                           plusw2	equ	0xFDB
   167                           fsr2h	equ	0xFDA
   168                           fsr2l	equ	0xFD9
   169                           status	equ	0xFD8


Data Sizes:
    Strings     0
    Constant    0
    Data        0
    BSS         0
    Persistent  0
    Stack       0

Auto Spaces:
    Space          Size  Autos    Used
    COMRAM           95      0       0
    BANK0           160      0       0
    BANK1           256      0       0
    BANK2           256      0       0
    BANK3           256      0       0
    BANK4           256      0       0
    BANK5           256      0       0
    BANK6           256      0       0
    BANK7           256      0       0

Pointer List with Targets:

    None.

Critical Paths under _main in COMRAM

    None.

Critical Paths under _main in BANK0

    None.

Critical Paths under _main in BANK1

    None.

Critical Paths under _main in BANK2

    None.

Critical Paths under _main in BANK3

    None.

Critical Paths under _main in BANK4

    None.

Critical Paths under _main in BANK5

    None.

Critical Paths under _main in BANK6

    None.

Critical Paths under _main in BANK7

    None.

Call Graph Tables:

 ---------------------------------------------------------------------------------
 (Depth) Function   	        Calls       Base Space   Used Autos Params    Refs
 ---------------------------------------------------------------------------------
 (0) _main                                                 0     0      0       0
 ---------------------------------------------------------------------------------
 Estimated maximum stack depth 0
 ---------------------------------------------------------------------------------

 Call Graph Graphs:

 _main (ROOT)

 Address spaces:
Name               Size   Autos  Total    Cost      Usage
BITCOMRAM           5F      0       0       0        0.0%
EEDATA             100      0       0       0        0.0%
NULL                 0      0       0       0        0.0%
CODE                 0      0       0       0        0.0%
COMRAM              5F      0       0       1        0.0%
STACK                0      0       0       2        0.0%
DATA                 0      0       0       3        0.0%
BITBANK0            A0      0       0       4        0.0%
BANK0               A0      0       0       5        0.0%
BITBANK1           100      0       0       6        0.0%
BANK1              100      0       0       7        0.0%
BITBANK2           100      0       0       8        0.0%
BANK2              100      0       0       9        0.0%
BITBANK3           100      0       0      10        0.0%
BANK3              100      0       0      11        0.0%
BITBANK4           100      0       0      12        0.0%
BANK4              100      0       0      13        0.0%
BITBANK5           100      0       0      14        0.0%
BANK5              100      0       0      15        0.0%
BITBANK6           100      0       0      16        0.0%
BANK6              100      0       0      17        0.0%
BITBANK7           100      0       0      18        0.0%
BANK7              100      0       0      19        0.0%
ABS                  0      0       0      20        0.0%
BIGRAM             7FF      0       0      21        0.0%
BITSFR               0      0       0     200        0.0%
SFR                  0      0       0     200        0.0%


Microchip Technology PIC18 Macro Assembler V2.05 build -831301201 
Symbol Table                                                                                   Mon Jul 29 22:41:14 2019

            __CFG_BOR$ON 000000              __CFG_BORV$3 000000             __CFG_CP0$OFF 000000  
           __CFG_CP1$OFF 000000             __CFG_CP2$OFF 000000             __CFG_CP3$OFF 000000  
            __CFG_LVP$ON 000000                      l711 7FF2             __CFG_CPB$OFF 000000  
           __CFG_CPD$OFF 000000             __CFG_FOSC$HS 000000             __CFG_WDT$OFF 000000  
                   _LATD 000F8C                     _main 7FE0                     start 0000  
          __CFG_IESO$OFF 000000            __CFG_MCLRE$ON 000000             ___param_bank 000000  
          __CFG_PLLDIV$1 000000           __CFG_CCP2MX$ON 000000                    ?_main 0000  
          __CFG_USBDIV$1 000000            __CFG_PWRT$OFF 000000            __CFG_WRT0$OFF 000000  
          __CFG_WRT1$OFF 000000            __CFG_WRT2$OFF 000000            __CFG_WRT3$OFF 000000  
         __CFG_EBTR0$OFF 000000           __CFG_FCMEN$OFF 000000           __CFG_EBTR1$OFF 000000  
         __CFG_EBTR2$OFF 000000           __CFG_EBTR3$OFF 000000            __CFG_WRTB$OFF 000000  
          __CFG_WRTC$OFF 000000            __CFG_WRTD$OFF 000000           __CFG_EBTRB$OFF 000000  
         __CFG_ICPRT$OFF 000000           __CFG_PBADEN$ON 000000          __initialization 7FDA  
           __end_of_main 8000                   ??_main 0000            __activetblptr 000000  
         __CFG_XINST$OFF 000000           __CFG_STVREN$ON 000000               __accesstop 0060  
__end_of__initialization 7FDA            ___rparam_used 000001           __pcstackCOMRAM 0000  
        __CFG_VREGEN$OFF 000000                  __Hparam 0000                  __Lparam 0000  
                __pcinit 7FDA                  __ramtop 0800                  __ptext0 7FE0  
   end_of_initialization 7FDA                _PORTCbits 000F82                _TRISAbits 000F92  
              _TRISCbits 000F94                _TRISDbits 000F95      start_initialization 7FDA  
       __CFG_LPT1OSC$OFF 000000                 _LATDbits 000F8C         __CFG_WDTPS$32768 000000  
             _ADCON1bits 000FC1                 __Hrparam 0000                 __Lrparam 0000  
          __size_of_main 0020    __CFG_CPUDIV$OSC1_PLL2 000000  
